{"id":1621643809,"actors":{"30648":{"id":30648,"lastSeenTime":1621643809136,"testSessionId":1621643809,"type":"WEB","tags":[],"_id":"GBBtklugv87NyZaC","ip":"::ffff:127.0.0.1","tests":[{"currentSegmentIndex":1,"segments":[{"index":0,"status":"completed","timeStarted":1621643814691,"timeCompleted":1621643814695,"result":"passed"},{"index":1,"status":"completed","timeStarted":1621643814705,"timeCompleted":1621643814776,"result":"failed","stackTrace":"java.lang.RuntimeException: There was an error while executing action no. 1 (org.getopentest.actions.HttpRequest) in segment 1 of test /Teste 1.\nThe action definition was:\n{\n  \"action\": \"org.getopentest.actions.HttpRequest\",\n  \"args\": {\n    \"url\": \"https://localhost:5001/api/categorias\",\n    \"verb\": \"GET\"\n  },\n  \"description\": \"Call the GET /repos/:owner/:repo/branches API\"\n}\r\n\tat org.getopentest.base.TestActor.executeTestSegment(TestActor.java:2123)\r\n\tat org.getopentest.base.TestActor.runOneSession(TestActor.java:2981)\r\n\tat org.getopentest.base.TestActor.runOneSession(TestActor.java:3017)\r\n\tat org.getopentest.Main.main(Main.java:20)\r\nCaused by: java.lang.RuntimeException: Failed executing action org.getopentest.actions.HttpRequest with arguments {\"verb\":\"GET\",\"url\":\"https://localhost:5001/api/categorias\"}\r\n\tat org.getopentest.base.TestActor.executeActionByDef(TestActor.java:1821)\r\n\tat org.getopentest.base.TestActor.executeTestSegment(TestActor.java:2073)\r\n\t... 3 more\r\nCaused by: java.lang.RuntimeException: java.lang.RuntimeException: An SSL error occured. If the HTTPS service you are calling uses a self-signed certificate, you can provide the \"ignoreCert\" argument to instruct the HttpRequest action to skip certificate validation. The syntax is: \"ignoreCert: true\".\r\n\tat org.getopentest.base.TestActor.executeActionByClassName(TestActor.java:1626)\r\n\tat org.getopentest.base.TestActor.executeActionByDef(TestActor.java:1705)\r\n\t... 4 more\r\nCaused by: java.lang.RuntimeException: An SSL error occured. If the HTTPS service you are calling uses a self-signed certificate, you can provide the \"ignoreCert\" argument to instruct the HttpRequest action to skip certificate validation. The syntax is: \"ignoreCert: true\".\r\n\tat org.getopentest.actions.HttpRequest.run(HttpRequest.java:125)\r\n\tat org.getopentest.base.TestActor.executeAction(TestActor.java:1527)\r\n\tat org.getopentest.base.TestActor.executeActionByClassName(TestActor.java:1603)\r\n\t... 5 more\r\nCaused by: javax.net.ssl.SSLHandshakeException: PKIX path building failed: sun.security.provider.certpath.SunCertPathBuilderException: unable to find valid certification path to requested target\r\n\tat java.base/sun.security.ssl.Alert.createSSLException(Alert.java:131)\r\n\tat java.base/sun.security.ssl.TransportContext.fatal(TransportContext.java:369)\r\n\tat java.base/sun.security.ssl.TransportContext.fatal(TransportContext.java:312)\r\n\tat java.base/sun.security.ssl.TransportContext.fatal(TransportContext.java:307)\r\n\tat java.base/sun.security.ssl.CertificateMessage$T12CertificateConsumer.checkServerCerts(CertificateMessage.java:654)\r\n\tat java.base/sun.security.ssl.CertificateMessage$T12CertificateConsumer.onCertificate(CertificateMessage.java:473)\r\n\tat java.base/sun.security.ssl.CertificateMessage$T12CertificateConsumer.consume(CertificateMessage.java:369)\r\n\tat java.base/sun.security.ssl.SSLHandshake.consume(SSLHandshake.java:392)\r\n\tat java.base/sun.security.ssl.HandshakeContext.dispatch(HandshakeContext.java:478)\r\n\tat java.base/sun.security.ssl.HandshakeContext.dispatch(HandshakeContext.java:456)\r\n\tat java.base/sun.security.ssl.TransportContext.dispatch(TransportContext.java:199)\r\n\tat java.base/sun.security.ssl.SSLTransport.decode(SSLTransport.java:171)\r\n\tat java.base/sun.security.ssl.SSLSocketImpl.decode(SSLSocketImpl.java:1369)\r\n\tat java.base/sun.security.ssl.SSLSocketImpl.readHandshakeRecord(SSLSocketImpl.java:1278)\r\n\tat java.base/sun.security.ssl.SSLSocketImpl.startHandshake(SSLSocketImpl.java:401)\r\n\tat java.base/sun.security.ssl.SSLSocketImpl.startHandshake(SSLSocketImpl.java:373)\r\n\tat org.apache.http.conn.ssl.SSLConnectionSocketFactory.createLayeredSocket(SSLConnectionSocketFactory.java:396)\r\n\tat org.apache.http.conn.ssl.SSLConnectionSocketFactory.connectSocket(SSLConnectionSocketFactory.java:355)\r\n\tat org.apache.http.impl.conn.DefaultHttpClientConnectionOperator.connect(DefaultHttpClientConnectionOperator.java:142)\r\n\tat org.apache.http.impl.conn.PoolingHttpClientConnectionManager.connect(PoolingHttpClientConnectionManager.java:359)\r\n\tat org.apache.http.impl.execchain.MainClientExec.establishRoute(MainClientExec.java:381)\r\n\tat org.apache.http.impl.execchain.MainClientExec.execute(MainClientExec.java:237)\r\n\tat org.apache.http.impl.execchain.ProtocolExec.execute(ProtocolExec.java:185)\r\n\tat org.apache.http.impl.execchain.RetryExec.execute(RetryExec.java:89)\r\n\tat org.apache.http.impl.client.InternalHttpClient.doExecute(InternalHttpClient.java:185)\r\n\tat org.apache.http.impl.client.CloseableHttpClient.execute(CloseableHttpClient.java:83)\r\n\tat org.apache.http.impl.client.CloseableHttpClient.execute(CloseableHttpClient.java:108)\r\n\tat org.getopentest.http.HttpRequest.execute(HttpRequest.java:126)\r\n\tat org.getopentest.actions.HttpRequest.run(HttpRequest.java:121)\r\n\t... 7 more\r\nCaused by: sun.security.validator.ValidatorException: PKIX path building failed: sun.security.provider.certpath.SunCertPathBuilderException: unable to find valid certification path to requested target\r\n\tat java.base/sun.security.validator.PKIXValidator.doBuild(PKIXValidator.java:439)\r\n\tat java.base/sun.security.validator.PKIXValidator.engineValidate(PKIXValidator.java:306)\r\n\tat java.base/sun.security.validator.Validator.validate(Validator.java:264)\r\n\tat java.base/sun.security.ssl.X509TrustManagerImpl.validate(X509TrustManagerImpl.java:313)\r\n\tat java.base/sun.security.ssl.X509TrustManagerImpl.checkTrusted(X509TrustManagerImpl.java:222)\r\n\tat java.base/sun.security.ssl.X509TrustManagerImpl.checkServerTrusted(X509TrustManagerImpl.java:129)\r\n\tat java.base/sun.security.ssl.CertificateMessage$T12CertificateConsumer.checkServerCerts(CertificateMessage.java:638)\r\n\t... 31 more\r\nCaused by: sun.security.provider.certpath.SunCertPathBuilderException: unable to find valid certification path to requested target\r\n\tat java.base/sun.security.provider.certpath.SunCertPathBuilder.build(SunCertPathBuilder.java:141)\r\n\tat java.base/sun.security.provider.certpath.SunCertPathBuilder.engineBuild(SunCertPathBuilder.java:126)\r\n\tat java.base/java.security.cert.CertPathBuilder.build(CertPathBuilder.java:297)\r\n\tat java.base/sun.security.validator.PKIXValidator.doBuild(PKIXValidator.java:434)\r\n\t... 37 more\r\n"}],"name":"Teste 1","path":"","timeCompleted":null,"timeStarted":1621643814691}]}},"maxIterations":"1","currentIteration":1,"currentTestIndex":1,"currentSegmentIndex":0,"label":"Session 1621643809","result":"failed","status":"completed","tests":[{"actions":[{"action":"org.getopentest.actions.HttpRequest","actorType":"WEB","args":{"verb":"GET","url":"https://localhost:5001/api/categorias"},"isCheckpoint":false,"description":"Call the GET /repos/:owner/:repo/branches API","durationMs":62,"macroStack":[],"result":"failed","segment":1,"stackTrace":"java.lang.RuntimeException: java.lang.RuntimeException: An SSL error occured. If the HTTPS service you are calling uses a self-signed certificate, you can provide the \"ignoreCert\" argument to instruct the HttpRequest action to skip certificate validation. The syntax is: \"ignoreCert: true\".\r\n\tat org.getopentest.base.TestActor.executeActionByClassName(TestActor.java:1626)\r\n\tat org.getopentest.base.TestActor.executeActionByDef(TestActor.java:1705)\r\n\tat org.getopentest.base.TestActor.executeTestSegment(TestActor.java:2073)\r\n\tat org.getopentest.base.TestActor.runOneSession(TestActor.java:2981)\r\n\tat org.getopentest.base.TestActor.runOneSession(TestActor.java:3017)\r\n\tat org.getopentest.Main.main(Main.java:20)\r\nCaused by: java.lang.RuntimeException: An SSL error occured. If the HTTPS service you are calling uses a self-signed certificate, you can provide the \"ignoreCert\" argument to instruct the HttpRequest action to skip certificate validation. The syntax is: \"ignoreCert: true\".\r\n\tat org.getopentest.actions.HttpRequest.run(HttpRequest.java:125)\r\n\tat org.getopentest.base.TestActor.executeAction(TestActor.java:1527)\r\n\tat org.getopentest.base.TestActor.executeActionByClassName(TestActor.java:1603)\r\n\t... 5 more\r\nCaused by: javax.net.ssl.SSLHandshakeException: PKIX path building failed: sun.security.provider.certpath.SunCertPathBuilderException: unable to find valid certification path to requested target\r\n\tat java.base/sun.security.ssl.Alert.createSSLException(Alert.java:131)\r\n\tat java.base/sun.security.ssl.TransportContext.fatal(TransportContext.java:369)\r\n\tat java.base/sun.security.ssl.TransportContext.fatal(TransportContext.java:312)\r\n\tat java.base/sun.security.ssl.TransportContext.fatal(TransportContext.java:307)\r\n\tat java.base/sun.security.ssl.CertificateMessage$T12CertificateConsumer.checkServerCerts(CertificateMessage.java:654)\r\n\tat java.base/sun.security.ssl.CertificateMessage$T12CertificateConsumer.onCertificate(CertificateMessage.java:473)\r\n\tat java.base/sun.security.ssl.CertificateMessage$T12CertificateConsumer.consume(CertificateMessage.java:369)\r\n\tat java.base/sun.security.ssl.SSLHandshake.consume(SSLHandshake.java:392)\r\n\tat java.base/sun.security.ssl.HandshakeContext.dispatch(HandshakeContext.java:478)\r\n\tat java.base/sun.security.ssl.HandshakeContext.dispatch(HandshakeContext.java:456)\r\n\tat java.base/sun.security.ssl.TransportContext.dispatch(TransportContext.java:199)\r\n\tat java.base/sun.security.ssl.SSLTransport.decode(SSLTransport.java:171)\r\n\tat java.base/sun.security.ssl.SSLSocketImpl.decode(SSLSocketImpl.java:1369)\r\n\tat java.base/sun.security.ssl.SSLSocketImpl.readHandshakeRecord(SSLSocketImpl.java:1278)\r\n\tat java.base/sun.security.ssl.SSLSocketImpl.startHandshake(SSLSocketImpl.java:401)\r\n\tat java.base/sun.security.ssl.SSLSocketImpl.startHandshake(SSLSocketImpl.java:373)\r\n\tat org.apache.http.conn.ssl.SSLConnectionSocketFactory.createLayeredSocket(SSLConnectionSocketFactory.java:396)\r\n\tat org.apache.http.conn.ssl.SSLConnectionSocketFactory.connectSocket(SSLConnectionSocketFactory.java:355)\r\n\tat org.apache.http.impl.conn.DefaultHttpClientConnectionOperator.connect(DefaultHttpClientConnectionOperator.java:142)\r\n\tat org.apache.http.impl.conn.PoolingHttpClientConnectionManager.connect(PoolingHttpClientConnectionManager.java:359)\r\n\tat org.apache.http.impl.execchain.MainClientExec.establishRoute(MainClientExec.java:381)\r\n\tat org.apache.http.impl.execchain.MainClientExec.execute(MainClientExec.java:237)\r\n\tat org.apache.http.impl.execchain.ProtocolExec.execute(ProtocolExec.java:185)\r\n\tat org.apache.http.impl.execchain.RetryExec.execute(RetryExec.java:89)\r\n\tat org.apache.http.impl.client.InternalHttpClient.doExecute(InternalHttpClient.java:185)\r\n\tat org.apache.http.impl.client.CloseableHttpClient.execute(CloseableHttpClient.java:83)\r\n\tat org.apache.http.impl.client.CloseableHttpClient.execute(CloseableHttpClient.java:108)\r\n\tat org.getopentest.http.HttpRequest.execute(HttpRequest.java:126)\r\n\tat org.getopentest.actions.HttpRequest.run(HttpRequest.java:121)\r\n\t... 7 more\r\nCaused by: sun.security.validator.ValidatorException: PKIX path building failed: sun.security.provider.certpath.SunCertPathBuilderException: unable to find valid certification path to requested target\r\n\tat java.base/sun.security.validator.PKIXValidator.doBuild(PKIXValidator.java:439)\r\n\tat java.base/sun.security.validator.PKIXValidator.engineValidate(PKIXValidator.java:306)\r\n\tat java.base/sun.security.validator.Validator.validate(Validator.java:264)\r\n\tat java.base/sun.security.ssl.X509TrustManagerImpl.validate(X509TrustManagerImpl.java:313)\r\n\tat java.base/sun.security.ssl.X509TrustManagerImpl.checkTrusted(X509TrustManagerImpl.java:222)\r\n\tat java.base/sun.security.ssl.X509TrustManagerImpl.checkServerTrusted(X509TrustManagerImpl.java:129)\r\n\tat java.base/sun.security.ssl.CertificateMessage$T12CertificateConsumer.checkServerCerts(CertificateMessage.java:638)\r\n\t... 31 more\r\nCaused by: sun.security.provider.certpath.SunCertPathBuilderException: unable to find valid certification path to requested target\r\n\tat java.base/sun.security.provider.certpath.SunCertPathBuilder.build(SunCertPathBuilder.java:141)\r\n\tat java.base/sun.security.provider.certpath.SunCertPathBuilder.engineBuild(SunCertPathBuilder.java:126)\r\n\tat java.base/java.security.cert.CertPathBuilder.build(CertPathBuilder.java:297)\r\n\tat java.base/sun.security.validator.PKIXValidator.doBuild(PKIXValidator.java:434)\r\n\t... 37 more\r\n"}],"currentIteration":1,"currentSegmentIndex":0,"isDataDriven":false,"name":"Teste 1","path":"","result":"failed","status":"completed","segments":[{"index":0,"result":"passed","status":"completed","timeStarted":1621643814691,"timeCompleted":1621643814695},{"index":1,"result":"failed","status":"completed","timeStarted":1621643814705,"timeCompleted":1621643814776}],"tags":[],"timeStarted":1621643814691,"timeCompleted":1621643814776}],"timeCreated":1621643809445,"timeStarted":1621643814691,"timeCompleted":1621643814776,"lastActivity":1621643814776,"_id":"7ZlcbnxRwAfQl5Z0","actorTags":[],"environment":"","currentDataRecordIndex":-1}
{"id":1621643710,"actors":{"30648":{"id":30648,"lastSeenTime":1621643708824,"testSessionId":1621643710,"type":"WEB","tags":[],"_id":"GBBtklugv87NyZaC","ip":"::ffff:127.0.0.1","tests":[{"currentSegmentIndex":1,"segments":[{"index":0,"status":"completed","timeStarted":1621643714201,"timeCompleted":1621643714207,"result":"passed"},{"index":1,"status":"completed","timeStarted":1621643714220,"timeCompleted":1621643718369,"result":"failed","stackTrace":"java.lang.RuntimeException: There was an error while executing action no. 1 (org.getopentest.actions.HttpRequest) in segment 1 of test /Teste 1.\nThe action definition was:\n{\n  \"action\": \"org.getopentest.actions.HttpRequest\",\n  \"args\": {\n    \"url\": \"https://localhost:5001/api/categorias\",\n    \"verb\": \"GET\",\n    \"$localData\": {\n      \"branches\": \"$output.body;\"\n    }\n  },\n  \"description\": \"Call the GET /repos/:owner/:repo/branches API\"\n}\r\n\tat org.getopentest.base.TestActor.executeTestSegment(TestActor.java:2123)\r\n\tat org.getopentest.base.TestActor.runOneSession(TestActor.java:2981)\r\n\tat org.getopentest.base.TestActor.runOneSession(TestActor.java:3017)\r\n\tat org.getopentest.Main.main(Main.java:20)\r\nCaused by: java.lang.RuntimeException: Failed executing action org.getopentest.actions.HttpRequest with arguments {\"verb\":\"GET\",\"url\":\"https://localhost:5001/api/categorias\",\"$localData\":{\"branches\":\"$output.body;\"}}\r\n\tat org.getopentest.base.TestActor.executeActionByDef(TestActor.java:1821)\r\n\tat org.getopentest.base.TestActor.executeTestSegment(TestActor.java:2073)\r\n\t... 3 more\r\nCaused by: java.lang.RuntimeException: java.lang.RuntimeException: HTTP request failed\r\n\tat org.getopentest.base.TestActor.executeActionByClassName(TestActor.java:1626)\r\n\tat org.getopentest.base.TestActor.executeActionByDef(TestActor.java:1705)\r\n\t... 4 more\r\nCaused by: java.lang.RuntimeException: HTTP request failed\r\n\tat org.getopentest.actions.HttpRequest.run(HttpRequest.java:131)\r\n\tat org.getopentest.base.TestActor.executeAction(TestActor.java:1527)\r\n\tat org.getopentest.base.TestActor.executeActionByClassName(TestActor.java:1603)\r\n\t... 5 more\r\nCaused by: org.apache.http.conn.HttpHostConnectException: Connect to localhost:5001 [localhost/127.0.0.1, localhost/0:0:0:0:0:0:0:1] failed: Connection refused: connect\r\n\tat org.apache.http.impl.conn.DefaultHttpClientConnectionOperator.connect(DefaultHttpClientConnectionOperator.java:159)\r\n\tat org.apache.http.impl.conn.PoolingHttpClientConnectionManager.connect(PoolingHttpClientConnectionManager.java:359)\r\n\tat org.apache.http.impl.execchain.MainClientExec.establishRoute(MainClientExec.java:381)\r\n\tat org.apache.http.impl.execchain.MainClientExec.execute(MainClientExec.java:237)\r\n\tat org.apache.http.impl.execchain.ProtocolExec.execute(ProtocolExec.java:185)\r\n\tat org.apache.http.impl.execchain.RetryExec.execute(RetryExec.java:89)\r\n\tat org.apache.http.impl.client.InternalHttpClient.doExecute(InternalHttpClient.java:185)\r\n\tat org.apache.http.impl.client.CloseableHttpClient.execute(CloseableHttpClient.java:83)\r\n\tat org.apache.http.impl.client.CloseableHttpClient.execute(CloseableHttpClient.java:108)\r\n\tat org.getopentest.http.HttpRequest.execute(HttpRequest.java:126)\r\n\tat org.getopentest.actions.HttpRequest.run(HttpRequest.java:121)\r\n\t... 7 more\r\nCaused by: java.net.ConnectException: Connection refused: connect\r\n\tat java.base/java.net.PlainSocketImpl.connect0(Native Method)\r\n\tat java.base/java.net.PlainSocketImpl.socketConnect(PlainSocketImpl.java:101)\r\n\tat java.base/java.net.AbstractPlainSocketImpl.doConnect(AbstractPlainSocketImpl.java:399)\r\n\tat java.base/java.net.AbstractPlainSocketImpl.connectToAddress(AbstractPlainSocketImpl.java:242)\r\n\tat java.base/java.net.AbstractPlainSocketImpl.connect(AbstractPlainSocketImpl.java:224)\r\n\tat java.base/java.net.SocksSocketImpl.connect(SocksSocketImpl.java:392)\r\n\tat java.base/java.net.Socket.connect(Socket.java:608)\r\n\tat org.apache.http.conn.ssl.SSLConnectionSocketFactory.connectSocket(SSLConnectionSocketFactory.java:339)\r\n\tat org.apache.http.impl.conn.DefaultHttpClientConnectionOperator.connect(DefaultHttpClientConnectionOperator.java:142)\r\n\t... 17 more\r\n"}],"name":"Teste 1","path":"","timeCompleted":null,"timeStarted":1621643714201}]}},"maxIterations":"1","currentIteration":1,"currentTestIndex":1,"currentSegmentIndex":0,"label":"Session 1621643710","result":"failed","status":"completed","tests":[{"actions":[{"action":"org.getopentest.actions.HttpRequest","actorType":"WEB","args":{"verb":"GET","d$localData":{"branches":"$output.body;"},"url":"https://localhost:5001/api/categorias"},"isCheckpoint":false,"description":"Call the GET /repos/:owner/:repo/branches API","durationMs":4111,"macroStack":[],"result":"failed","segment":1,"stackTrace":"java.lang.RuntimeException: java.lang.RuntimeException: HTTP request failed\r\n\tat org.getopentest.base.TestActor.executeActionByClassName(TestActor.java:1626)\r\n\tat org.getopentest.base.TestActor.executeActionByDef(TestActor.java:1705)\r\n\tat org.getopentest.base.TestActor.executeTestSegment(TestActor.java:2073)\r\n\tat org.getopentest.base.TestActor.runOneSession(TestActor.java:2981)\r\n\tat org.getopentest.base.TestActor.runOneSession(TestActor.java:3017)\r\n\tat org.getopentest.Main.main(Main.java:20)\r\nCaused by: java.lang.RuntimeException: HTTP request failed\r\n\tat org.getopentest.actions.HttpRequest.run(HttpRequest.java:131)\r\n\tat org.getopentest.base.TestActor.executeAction(TestActor.java:1527)\r\n\tat org.getopentest.base.TestActor.executeActionByClassName(TestActor.java:1603)\r\n\t... 5 more\r\nCaused by: org.apache.http.conn.HttpHostConnectException: Connect to localhost:5001 [localhost/127.0.0.1, localhost/0:0:0:0:0:0:0:1] failed: Connection refused: connect\r\n\tat org.apache.http.impl.conn.DefaultHttpClientConnectionOperator.connect(DefaultHttpClientConnectionOperator.java:159)\r\n\tat org.apache.http.impl.conn.PoolingHttpClientConnectionManager.connect(PoolingHttpClientConnectionManager.java:359)\r\n\tat org.apache.http.impl.execchain.MainClientExec.establishRoute(MainClientExec.java:381)\r\n\tat org.apache.http.impl.execchain.MainClientExec.execute(MainClientExec.java:237)\r\n\tat org.apache.http.impl.execchain.ProtocolExec.execute(ProtocolExec.java:185)\r\n\tat org.apache.http.impl.execchain.RetryExec.execute(RetryExec.java:89)\r\n\tat org.apache.http.impl.client.InternalHttpClient.doExecute(InternalHttpClient.java:185)\r\n\tat org.apache.http.impl.client.CloseableHttpClient.execute(CloseableHttpClient.java:83)\r\n\tat org.apache.http.impl.client.CloseableHttpClient.execute(CloseableHttpClient.java:108)\r\n\tat org.getopentest.http.HttpRequest.execute(HttpRequest.java:126)\r\n\tat org.getopentest.actions.HttpRequest.run(HttpRequest.java:121)\r\n\t... 7 more\r\nCaused by: java.net.ConnectException: Connection refused: connect\r\n\tat java.base/java.net.PlainSocketImpl.connect0(Native Method)\r\n\tat java.base/java.net.PlainSocketImpl.socketConnect(PlainSocketImpl.java:101)\r\n\tat java.base/java.net.AbstractPlainSocketImpl.doConnect(AbstractPlainSocketImpl.java:399)\r\n\tat java.base/java.net.AbstractPlainSocketImpl.connectToAddress(AbstractPlainSocketImpl.java:242)\r\n\tat java.base/java.net.AbstractPlainSocketImpl.connect(AbstractPlainSocketImpl.java:224)\r\n\tat java.base/java.net.SocksSocketImpl.connect(SocksSocketImpl.java:392)\r\n\tat java.base/java.net.Socket.connect(Socket.java:608)\r\n\tat org.apache.http.conn.ssl.SSLConnectionSocketFactory.connectSocket(SSLConnectionSocketFactory.java:339)\r\n\tat org.apache.http.impl.conn.DefaultHttpClientConnectionOperator.connect(DefaultHttpClientConnectionOperator.java:142)\r\n\t... 17 more\r\n"}],"currentIteration":1,"currentSegmentIndex":0,"isDataDriven":false,"name":"Teste 1","path":"","result":"failed","status":"completed","segments":[{"index":0,"result":"passed","status":"completed","timeStarted":1621643714201,"timeCompleted":1621643714207},{"index":1,"result":"failed","status":"completed","timeStarted":1621643714220,"timeCompleted":1621643718369}],"tags":[],"timeStarted":1621643714201,"timeCompleted":1621643718369}],"timeCreated":1621643710135,"timeStarted":1621643714201,"timeCompleted":1621643718370,"lastActivity":1621643718369,"_id":"EaKYSBsWvkaj1OgO","actorTags":[],"environment":"","currentDataRecordIndex":-1}
{"id":1621643975,"actors":{"30648":{"id":30648,"lastSeenTime":1621643974632,"testSessionId":1621643975,"type":"WEB","tags":[],"_id":"GBBtklugv87NyZaC","ip":"::ffff:127.0.0.1","tests":[{"currentSegmentIndex":1,"segments":[{"index":0,"status":"completed","timeStarted":1621643980698,"timeCompleted":1621643980701,"result":"passed"},{"index":1,"status":"completed","timeStarted":1621643980712,"timeCompleted":1621643980850,"result":"passed"}],"name":"Teste 1","path":"","timeCompleted":null,"timeStarted":1621643980698}]}},"maxIterations":"1","currentIteration":1,"currentTestIndex":1,"currentSegmentIndex":0,"label":"Session 1621643975","result":"passed","status":"completed","tests":[{"actions":[{"action":"org.getopentest.actions.HttpRequest","actorType":"WEB","args":{"verb":"GET","ignoreCert":true,"url":"https://localhost:5001/api/categorias"},"isCheckpoint":false,"description":"Call the GET /repos/:owner/:repo/branches API","durationMs":131,"macroStack":[],"result":"passed","segment":1}],"currentIteration":1,"currentSegmentIndex":0,"isDataDriven":false,"name":"Teste 1","path":"","result":"passed","status":"completed","segments":[{"index":0,"result":"passed","status":"completed","timeStarted":1621643980698,"timeCompleted":1621643980702},{"index":1,"result":"passed","status":"completed","timeStarted":1621643980712,"timeCompleted":1621643980850}],"tags":[],"timeStarted":1621643980698,"timeCompleted":1621643980850}],"timeCreated":1621643975185,"timeStarted":1621643980698,"timeCompleted":1621643980850,"lastActivity":1621643980850,"_id":"OUjnY0AgJwOE9p8d","actorTags":[],"environment":"","currentDataRecordIndex":-1}
{"id":1621643938,"actors":{"30648":{"id":30648,"lastSeenTime":1621643934504,"testSessionId":1621643938,"type":"WEB","tags":[],"_id":"GBBtklugv87NyZaC","ip":"::ffff:127.0.0.1","tests":[{"currentSegmentIndex":1,"segments":[{"index":0,"status":"completed","timeStarted":1621643939622,"timeCompleted":1621643939626,"result":"passed"},{"index":1,"status":"completed","timeStarted":1621643939638,"timeCompleted":1621643939696,"result":"failed","stackTrace":"java.lang.RuntimeException: There was an error while executing action no. 1 (org.getopentest.actions.HttpRequest) in segment 1 of test /Teste 1.\nThe action definition was:\n{\n  \"action\": \"org.getopentest.actions.HttpRequest\",\n  \"args\": {\n    \"url\": \"http://localhost:5001/api/categorias\",\n    \"verb\": \"GET\"\n  },\n  \"description\": \"Call the GET /repos/:owner/:repo/branches API\"\n}\r\n\tat org.getopentest.base.TestActor.executeTestSegment(TestActor.java:2123)\r\n\tat org.getopentest.base.TestActor.runOneSession(TestActor.java:2981)\r\n\tat org.getopentest.base.TestActor.runOneSession(TestActor.java:3017)\r\n\tat org.getopentest.Main.main(Main.java:20)\r\nCaused by: java.lang.RuntimeException: Failed executing action org.getopentest.actions.HttpRequest with arguments {\"verb\":\"GET\",\"url\":\"http://localhost:5001/api/categorias\"}\r\n\tat org.getopentest.base.TestActor.executeActionByDef(TestActor.java:1821)\r\n\tat org.getopentest.base.TestActor.executeTestSegment(TestActor.java:2073)\r\n\t... 3 more\r\nCaused by: java.lang.RuntimeException: java.lang.RuntimeException: HTTP request failed\r\n\tat org.getopentest.base.TestActor.executeActionByClassName(TestActor.java:1626)\r\n\tat org.getopentest.base.TestActor.executeActionByDef(TestActor.java:1705)\r\n\t... 4 more\r\nCaused by: java.lang.RuntimeException: HTTP request failed\r\n\tat org.getopentest.actions.HttpRequest.run(HttpRequest.java:131)\r\n\tat org.getopentest.base.TestActor.executeAction(TestActor.java:1527)\r\n\tat org.getopentest.base.TestActor.executeActionByClassName(TestActor.java:1603)\r\n\t... 5 more\r\nCaused by: org.apache.http.NoHttpResponseException: localhost:5001 failed to respond\r\n\tat org.apache.http.impl.conn.DefaultHttpResponseParser.parseHead(DefaultHttpResponseParser.java:141)\r\n\tat org.apache.http.impl.conn.DefaultHttpResponseParser.parseHead(DefaultHttpResponseParser.java:56)\r\n\tat org.apache.http.impl.io.AbstractMessageParser.parse(AbstractMessageParser.java:259)\r\n\tat org.apache.http.impl.DefaultBHttpClientConnection.receiveResponseHeader(DefaultBHttpClientConnection.java:163)\r\n\tat org.apache.http.impl.conn.CPoolProxy.receiveResponseHeader(CPoolProxy.java:165)\r\n\tat org.apache.http.protocol.HttpRequestExecutor.doReceiveResponse(HttpRequestExecutor.java:273)\r\n\tat org.apache.http.protocol.HttpRequestExecutor.execute(HttpRequestExecutor.java:125)\r\n\tat org.apache.http.impl.execchain.MainClientExec.execute(MainClientExec.java:272)\r\n\tat org.apache.http.impl.execchain.ProtocolExec.execute(ProtocolExec.java:185)\r\n\tat org.apache.http.impl.execchain.RetryExec.execute(RetryExec.java:89)\r\n\tat org.apache.http.impl.client.InternalHttpClient.doExecute(InternalHttpClient.java:185)\r\n\tat org.apache.http.impl.client.CloseableHttpClient.execute(CloseableHttpClient.java:83)\r\n\tat org.apache.http.impl.client.CloseableHttpClient.execute(CloseableHttpClient.java:108)\r\n\tat org.getopentest.http.HttpRequest.execute(HttpRequest.java:126)\r\n\tat org.getopentest.actions.HttpRequest.run(HttpRequest.java:121)\r\n\t... 7 more\r\n"}],"name":"Teste 1","path":"","timeCompleted":null,"timeStarted":1621643939622}]}},"maxIterations":"1","currentIteration":1,"currentTestIndex":1,"currentSegmentIndex":0,"label":"Session 1621643938","result":"failed","status":"completed","tests":[{"actions":[{"action":"org.getopentest.actions.HttpRequest","actorType":"WEB","args":{"verb":"GET","url":"http://localhost:5001/api/categorias"},"isCheckpoint":false,"description":"Call the GET /repos/:owner/:repo/branches API","durationMs":52,"macroStack":[],"result":"failed","segment":1,"stackTrace":"java.lang.RuntimeException: java.lang.RuntimeException: HTTP request failed\r\n\tat org.getopentest.base.TestActor.executeActionByClassName(TestActor.java:1626)\r\n\tat org.getopentest.base.TestActor.executeActionByDef(TestActor.java:1705)\r\n\tat org.getopentest.base.TestActor.executeTestSegment(TestActor.java:2073)\r\n\tat org.getopentest.base.TestActor.runOneSession(TestActor.java:2981)\r\n\tat org.getopentest.base.TestActor.runOneSession(TestActor.java:3017)\r\n\tat org.getopentest.Main.main(Main.java:20)\r\nCaused by: java.lang.RuntimeException: HTTP request failed\r\n\tat org.getopentest.actions.HttpRequest.run(HttpRequest.java:131)\r\n\tat org.getopentest.base.TestActor.executeAction(TestActor.java:1527)\r\n\tat org.getopentest.base.TestActor.executeActionByClassName(TestActor.java:1603)\r\n\t... 5 more\r\nCaused by: org.apache.http.NoHttpResponseException: localhost:5001 failed to respond\r\n\tat org.apache.http.impl.conn.DefaultHttpResponseParser.parseHead(DefaultHttpResponseParser.java:141)\r\n\tat org.apache.http.impl.conn.DefaultHttpResponseParser.parseHead(DefaultHttpResponseParser.java:56)\r\n\tat org.apache.http.impl.io.AbstractMessageParser.parse(AbstractMessageParser.java:259)\r\n\tat org.apache.http.impl.DefaultBHttpClientConnection.receiveResponseHeader(DefaultBHttpClientConnection.java:163)\r\n\tat org.apache.http.impl.conn.CPoolProxy.receiveResponseHeader(CPoolProxy.java:165)\r\n\tat org.apache.http.protocol.HttpRequestExecutor.doReceiveResponse(HttpRequestExecutor.java:273)\r\n\tat org.apache.http.protocol.HttpRequestExecutor.execute(HttpRequestExecutor.java:125)\r\n\tat org.apache.http.impl.execchain.MainClientExec.execute(MainClientExec.java:272)\r\n\tat org.apache.http.impl.execchain.ProtocolExec.execute(ProtocolExec.java:185)\r\n\tat org.apache.http.impl.execchain.RetryExec.execute(RetryExec.java:89)\r\n\tat org.apache.http.impl.client.InternalHttpClient.doExecute(InternalHttpClient.java:185)\r\n\tat org.apache.http.impl.client.CloseableHttpClient.execute(CloseableHttpClient.java:83)\r\n\tat org.apache.http.impl.client.CloseableHttpClient.execute(CloseableHttpClient.java:108)\r\n\tat org.getopentest.http.HttpRequest.execute(HttpRequest.java:126)\r\n\tat org.getopentest.actions.HttpRequest.run(HttpRequest.java:121)\r\n\t... 7 more\r\n"}],"currentIteration":1,"currentSegmentIndex":0,"isDataDriven":false,"name":"Teste 1","path":"","result":"failed","status":"completed","segments":[{"index":0,"result":"passed","status":"completed","timeStarted":1621643939622,"timeCompleted":1621643939626},{"index":1,"result":"failed","status":"completed","timeStarted":1621643939637,"timeCompleted":1621643939696}],"tags":[],"timeStarted":1621643939622,"timeCompleted":1621643939696}],"timeCreated":1621643938424,"timeStarted":1621643939622,"timeCompleted":1621643939696,"lastActivity":1621643939696,"_id":"UgeVKAS9F4BfASoW","actorTags":[],"environment":"","currentDataRecordIndex":-1}
{"id":1621644890,"actors":{"30648":{"id":30648,"lastSeenTime":1621644887381,"testSessionId":1621644890,"type":"WEB","tags":[],"_id":"GBBtklugv87NyZaC","ip":"::ffff:127.0.0.1","tests":[{"currentSegmentIndex":1,"segments":[{"index":0,"status":"completed","timeStarted":1621644893404,"timeCompleted":1621644893411,"result":"passed"},{"index":1,"status":"completed","timeStarted":1621644893420,"timeCompleted":1621644893523,"result":"passed"}],"name":"Teste 1","path":"","timeCompleted":null,"timeStarted":1621644893404}]}},"maxIterations":"1","currentIteration":1,"currentTestIndex":1,"currentSegmentIndex":0,"label":"Session 1621644890","result":"passed","status":"completed","tests":[{"actions":[{"action":"org.getopentest.actions.HttpRequest","actorType":"WEB","args":{"verb":"GET","ignoreCert":true,"url":"https://localhost:5001/api/categorias"},"isCheckpoint":false,"description":"Call the GET","durationMs":52,"macroStack":[],"result":"passed","segment":1},{"action":"org.getopentest.base.ScriptAction","actorType":"WEB","args":{},"isCheckpoint":false,"description":"Validade StatusCode","durationMs":42,"macroStack":[],"result":"passed","segment":1}],"currentIteration":1,"currentSegmentIndex":0,"isDataDriven":false,"name":"Teste 1","path":"","result":"passed","status":"completed","segments":[{"index":0,"result":"passed","status":"completed","timeStarted":1621644893404,"timeCompleted":1621644893411},{"index":1,"result":"passed","status":"completed","timeStarted":1621644893420,"timeCompleted":1621644893523}],"tags":[],"timeStarted":1621644893404,"timeCompleted":1621644893523}],"timeCreated":1621644890210,"timeStarted":1621644893404,"timeCompleted":1621644893523,"lastActivity":1621644893522,"_id":"W4bKuBZdz8hUkLP7","actorTags":[],"environment":"","currentDataRecordIndex":-1}
{"id":1621643782,"actors":{"30648":{"id":30648,"lastSeenTime":1621643779034,"testSessionId":1621643782,"type":"WEB","tags":[],"_id":"GBBtklugv87NyZaC","ip":"::ffff:127.0.0.1","tests":[{"currentSegmentIndex":1,"segments":[{"index":0,"status":"completed","timeStarted":1621643784553,"timeCompleted":1621643784557,"result":"passed"},{"index":1,"status":"completed","timeStarted":1621643784567,"timeCompleted":1621643784803,"result":"failed","stackTrace":"java.lang.RuntimeException: There was an error while executing action no. 1 (org.getopentest.actions.HttpRequest) in segment 1 of test /Teste 1.\nThe action definition was:\n{\n  \"action\": \"org.getopentest.actions.HttpRequest\",\n  \"args\": {\n    \"url\": \"https://localhost:5001/api/categorias\",\n    \"verb\": \"GET\",\n    \"$localData\": {\n      \"branches\": \"$output.body;\"\n    }\n  },\n  \"description\": \"Call the GET /repos/:owner/:repo/branches API\"\n}\r\n\tat org.getopentest.base.TestActor.executeTestSegment(TestActor.java:2123)\r\n\tat org.getopentest.base.TestActor.runOneSession(TestActor.java:2981)\r\n\tat org.getopentest.base.TestActor.runOneSession(TestActor.java:3017)\r\n\tat org.getopentest.Main.main(Main.java:20)\r\nCaused by: java.lang.RuntimeException: Failed executing action org.getopentest.actions.HttpRequest with arguments {\"verb\":\"GET\",\"url\":\"https://localhost:5001/api/categorias\",\"$localData\":{\"branches\":\"$output.body;\"}}\r\n\tat org.getopentest.base.TestActor.executeActionByDef(TestActor.java:1821)\r\n\tat org.getopentest.base.TestActor.executeTestSegment(TestActor.java:2073)\r\n\t... 3 more\r\nCaused by: java.lang.RuntimeException: java.lang.RuntimeException: An SSL error occured. If the HTTPS service you are calling uses a self-signed certificate, you can provide the \"ignoreCert\" argument to instruct the HttpRequest action to skip certificate validation. The syntax is: \"ignoreCert: true\".\r\n\tat org.getopentest.base.TestActor.executeActionByClassName(TestActor.java:1626)\r\n\tat org.getopentest.base.TestActor.executeActionByDef(TestActor.java:1705)\r\n\t... 4 more\r\nCaused by: java.lang.RuntimeException: An SSL error occured. If the HTTPS service you are calling uses a self-signed certificate, you can provide the \"ignoreCert\" argument to instruct the HttpRequest action to skip certificate validation. The syntax is: \"ignoreCert: true\".\r\n\tat org.getopentest.actions.HttpRequest.run(HttpRequest.java:125)\r\n\tat org.getopentest.base.TestActor.executeAction(TestActor.java:1527)\r\n\tat org.getopentest.base.TestActor.executeActionByClassName(TestActor.java:1603)\r\n\t... 5 more\r\nCaused by: javax.net.ssl.SSLHandshakeException: PKIX path building failed: sun.security.provider.certpath.SunCertPathBuilderException: unable to find valid certification path to requested target\r\n\tat java.base/sun.security.ssl.Alert.createSSLException(Alert.java:131)\r\n\tat java.base/sun.security.ssl.TransportContext.fatal(TransportContext.java:369)\r\n\tat java.base/sun.security.ssl.TransportContext.fatal(TransportContext.java:312)\r\n\tat java.base/sun.security.ssl.TransportContext.fatal(TransportContext.java:307)\r\n\tat java.base/sun.security.ssl.CertificateMessage$T12CertificateConsumer.checkServerCerts(CertificateMessage.java:654)\r\n\tat java.base/sun.security.ssl.CertificateMessage$T12CertificateConsumer.onCertificate(CertificateMessage.java:473)\r\n\tat java.base/sun.security.ssl.CertificateMessage$T12CertificateConsumer.consume(CertificateMessage.java:369)\r\n\tat java.base/sun.security.ssl.SSLHandshake.consume(SSLHandshake.java:392)\r\n\tat java.base/sun.security.ssl.HandshakeContext.dispatch(HandshakeContext.java:478)\r\n\tat java.base/sun.security.ssl.HandshakeContext.dispatch(HandshakeContext.java:456)\r\n\tat java.base/sun.security.ssl.TransportContext.dispatch(TransportContext.java:199)\r\n\tat java.base/sun.security.ssl.SSLTransport.decode(SSLTransport.java:171)\r\n\tat java.base/sun.security.ssl.SSLSocketImpl.decode(SSLSocketImpl.java:1369)\r\n\tat java.base/sun.security.ssl.SSLSocketImpl.readHandshakeRecord(SSLSocketImpl.java:1278)\r\n\tat java.base/sun.security.ssl.SSLSocketImpl.startHandshake(SSLSocketImpl.java:401)\r\n\tat java.base/sun.security.ssl.SSLSocketImpl.startHandshake(SSLSocketImpl.java:373)\r\n\tat org.apache.http.conn.ssl.SSLConnectionSocketFactory.createLayeredSocket(SSLConnectionSocketFactory.java:396)\r\n\tat org.apache.http.conn.ssl.SSLConnectionSocketFactory.connectSocket(SSLConnectionSocketFactory.java:355)\r\n\tat org.apache.http.impl.conn.DefaultHttpClientConnectionOperator.connect(DefaultHttpClientConnectionOperator.java:142)\r\n\tat org.apache.http.impl.conn.PoolingHttpClientConnectionManager.connect(PoolingHttpClientConnectionManager.java:359)\r\n\tat org.apache.http.impl.execchain.MainClientExec.establishRoute(MainClientExec.java:381)\r\n\tat org.apache.http.impl.execchain.MainClientExec.execute(MainClientExec.java:237)\r\n\tat org.apache.http.impl.execchain.ProtocolExec.execute(ProtocolExec.java:185)\r\n\tat org.apache.http.impl.execchain.RetryExec.execute(RetryExec.java:89)\r\n\tat org.apache.http.impl.client.InternalHttpClient.doExecute(InternalHttpClient.java:185)\r\n\tat org.apache.http.impl.client.CloseableHttpClient.execute(CloseableHttpClient.java:83)\r\n\tat org.apache.http.impl.client.CloseableHttpClient.execute(CloseableHttpClient.java:108)\r\n\tat org.getopentest.http.HttpRequest.execute(HttpRequest.java:126)\r\n\tat org.getopentest.actions.HttpRequest.run(HttpRequest.java:121)\r\n\t... 7 more\r\nCaused by: sun.security.validator.ValidatorException: PKIX path building failed: sun.security.provider.certpath.SunCertPathBuilderException: unable to find valid certification path to requested target\r\n\tat java.base/sun.security.validator.PKIXValidator.doBuild(PKIXValidator.java:439)\r\n\tat java.base/sun.security.validator.PKIXValidator.engineValidate(PKIXValidator.java:306)\r\n\tat java.base/sun.security.validator.Validator.validate(Validator.java:264)\r\n\tat java.base/sun.security.ssl.X509TrustManagerImpl.validate(X509TrustManagerImpl.java:313)\r\n\tat java.base/sun.security.ssl.X509TrustManagerImpl.checkTrusted(X509TrustManagerImpl.java:222)\r\n\tat java.base/sun.security.ssl.X509TrustManagerImpl.checkServerTrusted(X509TrustManagerImpl.java:129)\r\n\tat java.base/sun.security.ssl.CertificateMessage$T12CertificateConsumer.checkServerCerts(CertificateMessage.java:638)\r\n\t... 31 more\r\nCaused by: sun.security.provider.certpath.SunCertPathBuilderException: unable to find valid certification path to requested target\r\n\tat java.base/sun.security.provider.certpath.SunCertPathBuilder.build(SunCertPathBuilder.java:141)\r\n\tat java.base/sun.security.provider.certpath.SunCertPathBuilder.engineBuild(SunCertPathBuilder.java:126)\r\n\tat java.base/java.security.cert.CertPathBuilder.build(CertPathBuilder.java:297)\r\n\tat java.base/sun.security.validator.PKIXValidator.doBuild(PKIXValidator.java:434)\r\n\t... 37 more\r\n"}],"name":"Teste 1","path":"","timeCompleted":null,"timeStarted":1621643784553}]}},"maxIterations":"1","currentIteration":1,"currentTestIndex":1,"currentSegmentIndex":0,"label":"Session 1621643782","result":"failed","status":"completed","tests":[{"actions":[{"action":"org.getopentest.actions.HttpRequest","actorType":"WEB","args":{"verb":"GET","d$localData":{"branches":"$output.body;"},"url":"https://localhost:5001/api/categorias"},"isCheckpoint":false,"description":"Call the GET /repos/:owner/:repo/branches API","durationMs":227,"macroStack":[],"result":"failed","segment":1,"stackTrace":"java.lang.RuntimeException: java.lang.RuntimeException: An SSL error occured. If the HTTPS service you are calling uses a self-signed certificate, you can provide the \"ignoreCert\" argument to instruct the HttpRequest action to skip certificate validation. The syntax is: \"ignoreCert: true\".\r\n\tat org.getopentest.base.TestActor.executeActionByClassName(TestActor.java:1626)\r\n\tat org.getopentest.base.TestActor.executeActionByDef(TestActor.java:1705)\r\n\tat org.getopentest.base.TestActor.executeTestSegment(TestActor.java:2073)\r\n\tat org.getopentest.base.TestActor.runOneSession(TestActor.java:2981)\r\n\tat org.getopentest.base.TestActor.runOneSession(TestActor.java:3017)\r\n\tat org.getopentest.Main.main(Main.java:20)\r\nCaused by: java.lang.RuntimeException: An SSL error occured. If the HTTPS service you are calling uses a self-signed certificate, you can provide the \"ignoreCert\" argument to instruct the HttpRequest action to skip certificate validation. The syntax is: \"ignoreCert: true\".\r\n\tat org.getopentest.actions.HttpRequest.run(HttpRequest.java:125)\r\n\tat org.getopentest.base.TestActor.executeAction(TestActor.java:1527)\r\n\tat org.getopentest.base.TestActor.executeActionByClassName(TestActor.java:1603)\r\n\t... 5 more\r\nCaused by: javax.net.ssl.SSLHandshakeException: PKIX path building failed: sun.security.provider.certpath.SunCertPathBuilderException: unable to find valid certification path to requested target\r\n\tat java.base/sun.security.ssl.Alert.createSSLException(Alert.java:131)\r\n\tat java.base/sun.security.ssl.TransportContext.fatal(TransportContext.java:369)\r\n\tat java.base/sun.security.ssl.TransportContext.fatal(TransportContext.java:312)\r\n\tat java.base/sun.security.ssl.TransportContext.fatal(TransportContext.java:307)\r\n\tat java.base/sun.security.ssl.CertificateMessage$T12CertificateConsumer.checkServerCerts(CertificateMessage.java:654)\r\n\tat java.base/sun.security.ssl.CertificateMessage$T12CertificateConsumer.onCertificate(CertificateMessage.java:473)\r\n\tat java.base/sun.security.ssl.CertificateMessage$T12CertificateConsumer.consume(CertificateMessage.java:369)\r\n\tat java.base/sun.security.ssl.SSLHandshake.consume(SSLHandshake.java:392)\r\n\tat java.base/sun.security.ssl.HandshakeContext.dispatch(HandshakeContext.java:478)\r\n\tat java.base/sun.security.ssl.HandshakeContext.dispatch(HandshakeContext.java:456)\r\n\tat java.base/sun.security.ssl.TransportContext.dispatch(TransportContext.java:199)\r\n\tat java.base/sun.security.ssl.SSLTransport.decode(SSLTransport.java:171)\r\n\tat java.base/sun.security.ssl.SSLSocketImpl.decode(SSLSocketImpl.java:1369)\r\n\tat java.base/sun.security.ssl.SSLSocketImpl.readHandshakeRecord(SSLSocketImpl.java:1278)\r\n\tat java.base/sun.security.ssl.SSLSocketImpl.startHandshake(SSLSocketImpl.java:401)\r\n\tat java.base/sun.security.ssl.SSLSocketImpl.startHandshake(SSLSocketImpl.java:373)\r\n\tat org.apache.http.conn.ssl.SSLConnectionSocketFactory.createLayeredSocket(SSLConnectionSocketFactory.java:396)\r\n\tat org.apache.http.conn.ssl.SSLConnectionSocketFactory.connectSocket(SSLConnectionSocketFactory.java:355)\r\n\tat org.apache.http.impl.conn.DefaultHttpClientConnectionOperator.connect(DefaultHttpClientConnectionOperator.java:142)\r\n\tat org.apache.http.impl.conn.PoolingHttpClientConnectionManager.connect(PoolingHttpClientConnectionManager.java:359)\r\n\tat org.apache.http.impl.execchain.MainClientExec.establishRoute(MainClientExec.java:381)\r\n\tat org.apache.http.impl.execchain.MainClientExec.execute(MainClientExec.java:237)\r\n\tat org.apache.http.impl.execchain.ProtocolExec.execute(ProtocolExec.java:185)\r\n\tat org.apache.http.impl.execchain.RetryExec.execute(RetryExec.java:89)\r\n\tat org.apache.http.impl.client.InternalHttpClient.doExecute(InternalHttpClient.java:185)\r\n\tat org.apache.http.impl.client.CloseableHttpClient.execute(CloseableHttpClient.java:83)\r\n\tat org.apache.http.impl.client.CloseableHttpClient.execute(CloseableHttpClient.java:108)\r\n\tat org.getopentest.http.HttpRequest.execute(HttpRequest.java:126)\r\n\tat org.getopentest.actions.HttpRequest.run(HttpRequest.java:121)\r\n\t... 7 more\r\nCaused by: sun.security.validator.ValidatorException: PKIX path building failed: sun.security.provider.certpath.SunCertPathBuilderException: unable to find valid certification path to requested target\r\n\tat java.base/sun.security.validator.PKIXValidator.doBuild(PKIXValidator.java:439)\r\n\tat java.base/sun.security.validator.PKIXValidator.engineValidate(PKIXValidator.java:306)\r\n\tat java.base/sun.security.validator.Validator.validate(Validator.java:264)\r\n\tat java.base/sun.security.ssl.X509TrustManagerImpl.validate(X509TrustManagerImpl.java:313)\r\n\tat java.base/sun.security.ssl.X509TrustManagerImpl.checkTrusted(X509TrustManagerImpl.java:222)\r\n\tat java.base/sun.security.ssl.X509TrustManagerImpl.checkServerTrusted(X509TrustManagerImpl.java:129)\r\n\tat java.base/sun.security.ssl.CertificateMessage$T12CertificateConsumer.checkServerCerts(CertificateMessage.java:638)\r\n\t... 31 more\r\nCaused by: sun.security.provider.certpath.SunCertPathBuilderException: unable to find valid certification path to requested target\r\n\tat java.base/sun.security.provider.certpath.SunCertPathBuilder.build(SunCertPathBuilder.java:141)\r\n\tat java.base/sun.security.provider.certpath.SunCertPathBuilder.engineBuild(SunCertPathBuilder.java:126)\r\n\tat java.base/java.security.cert.CertPathBuilder.build(CertPathBuilder.java:297)\r\n\tat java.base/sun.security.validator.PKIXValidator.doBuild(PKIXValidator.java:434)\r\n\t... 37 more\r\n"}],"currentIteration":1,"currentSegmentIndex":0,"isDataDriven":false,"name":"Teste 1","path":"","result":"failed","status":"completed","segments":[{"index":0,"result":"passed","status":"completed","timeStarted":1621643784553,"timeCompleted":1621643784557},{"index":1,"result":"failed","status":"completed","timeStarted":1621643784567,"timeCompleted":1621643784803}],"tags":[],"timeStarted":1621643784553,"timeCompleted":1621643784803}],"timeCreated":1621643782298,"timeStarted":1621643784553,"timeCompleted":1621643784803,"lastActivity":1621643784802,"_id":"fenJgcRyML0u41yz","actorTags":[],"environment":"","currentDataRecordIndex":-1}
{"id":1621701468,"actors":{"5866":{"id":5866,"lastSeenTime":1621701467344,"testSessionId":1621701468,"type":"WEB","tags":[],"_id":"fAxL8StzQ5FOMaNS","ip":"::ffff:127.0.0.1","tests":[{"currentSegmentIndex":1,"segments":[{"index":0,"status":"completed","timeStarted":1621701472824,"timeCompleted":1621701472831,"result":"passed"},{"index":1,"status":"completed","timeStarted":1621701472844,"timeCompleted":1621701473124,"result":"passed"}],"name":"Teste 1","path":"","timeCompleted":null,"timeStarted":1621701472824}]}},"maxIterations":"1","currentIteration":1,"currentTestIndex":1,"currentSegmentIndex":0,"label":"Session 1621701468","result":"passed","status":"completed","tests":[{"actions":[{"action":"org.getopentest.actions.HttpRequest","actorType":"WEB","args":{"verb":"GET","ignoreCert":true,"url":"https://localhost:5001/api/categorias"},"isCheckpoint":false,"description":"Call the GET","durationMs":222,"macroStack":[],"result":"passed","segment":1},{"action":"org.getopentest.base.ScriptAction","actorType":"WEB","args":{},"isCheckpoint":false,"description":"Validade StatusCode","durationMs":42,"macroStack":[],"result":"passed","segment":1}],"currentIteration":1,"currentSegmentIndex":0,"isDataDriven":false,"name":"Teste 1","path":"","result":"passed","status":"completed","segments":[{"index":0,"result":"passed","status":"completed","timeStarted":1621701472824,"timeCompleted":1621701472831},{"index":1,"result":"passed","status":"completed","timeStarted":1621701472844,"timeCompleted":1621701473124}],"tags":[],"timeStarted":1621701472824,"timeCompleted":1621701473124}],"timeCreated":1621701467752,"timeStarted":1621701472824,"timeCompleted":1621701473124,"lastActivity":1621701473124,"_id":"oWFoJapBbqQh5fIG","actorTags":[],"environment":"","currentDataRecordIndex":-1}
{"id":1623459196,"actors":{},"maxIterations":1,"currentIteration":1,"currentTestIndex":0,"currentSegmentIndex":0,"label":"Session 1623459196","result":"pending","status":"acquiring-actors","tests":[],"timeCreated":1623459196256,"timeStarted":null,"timeCompleted":null,"lastActivity":1623459196255,"_id":"06zMx2OUpnrkkcXd"}
{"id":1623459196,"actors":{},"maxIterations":"1","currentIteration":1,"currentTestIndex":0,"currentSegmentIndex":0,"label":"Session 1623459196","result":"pending","status":"acquiring-actors","tests":[{"actions":[],"currentIteration":1,"currentSegmentIndex":0,"isDataDriven":false,"name":"Teste 1","path":"","result":"pending","status":"pending","segments":[{"index":0,"result":"pending","status":"pending"},{"index":1,"result":"pending","status":"pending"}],"tags":[]}],"timeCreated":1623459196256,"timeStarted":null,"timeCompleted":null,"lastActivity":1623459196255,"_id":"06zMx2OUpnrkkcXd","actorTags":[],"environment":""}
{"id":1623459196,"actors":{"40018":{"id":40018,"lastSeenTime":1623459195287,"testSessionId":1623459196,"type":"WEB","tags":[],"_id":"R3lrD4A0a0vLAdHv","ip":"::ffff:127.0.0.1","tests":[]}},"maxIterations":"1","currentIteration":1,"currentTestIndex":0,"currentSegmentIndex":0,"label":"Session 1623459196","result":"pending","status":"started","tests":[{"actions":[],"currentIteration":1,"currentSegmentIndex":0,"isDataDriven":false,"name":"Teste 1","path":"","result":"pending","status":"pending","segments":[{"index":0,"result":"pending","status":"pending"},{"index":1,"result":"pending","status":"pending"}],"tags":[]}],"timeCreated":1623459196256,"timeStarted":null,"timeCompleted":null,"lastActivity":1623459196255,"_id":"06zMx2OUpnrkkcXd","actorTags":[],"environment":""}
{"id":1623459196,"actors":{"40018":{"id":40018,"lastSeenTime":1623459195287,"testSessionId":1623459196,"type":"WEB","tags":[],"_id":"R3lrD4A0a0vLAdHv","ip":"::ffff:127.0.0.1","tests":[{"currentSegmentIndex":0,"segments":[{"index":0,"status":"started","timeStarted":1623459200912,"timeCompleted":null,"result":"pending"}],"name":"Teste 1","path":"","timeCompleted":null,"timeStarted":1623459200912}]}},"maxIterations":"1","currentIteration":1,"currentTestIndex":0,"currentSegmentIndex":0,"label":"Session 1623459196","result":"pending","status":"started","tests":[{"actions":[],"currentIteration":1,"currentSegmentIndex":0,"isDataDriven":false,"name":"Teste 1","path":"","result":"pending","status":"pending","segments":[{"index":0,"result":"pending","status":"pending","timeStarted":1623459200912},{"index":1,"result":"pending","status":"pending"}],"tags":[],"timeStarted":1623459200912}],"timeCreated":1623459196256,"timeStarted":1623459200912,"timeCompleted":null,"lastActivity":1623459200903,"_id":"06zMx2OUpnrkkcXd","actorTags":[],"environment":""}
{"id":1623459196,"actors":{"40018":{"id":40018,"lastSeenTime":1623459195287,"testSessionId":1623459196,"type":"WEB","tags":[],"_id":"R3lrD4A0a0vLAdHv","ip":"::ffff:127.0.0.1","tests":[{"currentSegmentIndex":0,"segments":[{"index":0,"status":"completed","timeStarted":1623459200912,"timeCompleted":1623459200920,"result":"passed"}],"name":"Teste 1","path":"","timeCompleted":null,"timeStarted":1623459200912}]}},"maxIterations":"1","currentIteration":1,"currentTestIndex":0,"currentSegmentIndex":1,"label":"Session 1623459196","result":"pending","status":"started","tests":[{"actions":[],"currentIteration":1,"currentSegmentIndex":0,"isDataDriven":false,"name":"Teste 1","path":"","result":"pending","status":"pending","segments":[{"index":0,"result":"passed","status":"completed","timeStarted":1623459200912,"timeCompleted":1623459200920},{"index":1,"result":"pending","status":"pending"}],"tags":[],"timeStarted":1623459200912}],"timeCreated":1623459196256,"timeStarted":1623459200912,"timeCompleted":null,"lastActivity":1623459200919,"_id":"06zMx2OUpnrkkcXd","actorTags":[],"environment":""}
{"id":1623459196,"actors":{"40018":{"id":40018,"lastSeenTime":1623459195287,"testSessionId":1623459196,"type":"WEB","tags":[],"_id":"R3lrD4A0a0vLAdHv","ip":"::ffff:127.0.0.1","tests":[{"currentSegmentIndex":1,"segments":[{"index":0,"status":"completed","timeStarted":1623459200912,"timeCompleted":1623459200920,"result":"passed"},{"index":1,"status":"started","timeStarted":1623459200941,"timeCompleted":null,"result":"pending"}],"name":"Teste 1","path":"","timeCompleted":null,"timeStarted":1623459200912}]}},"maxIterations":"1","currentIteration":1,"currentTestIndex":0,"currentSegmentIndex":1,"label":"Session 1623459196","result":"pending","status":"started","tests":[{"actions":[],"currentIteration":1,"currentSegmentIndex":0,"isDataDriven":false,"name":"Teste 1","path":"","result":"pending","status":"pending","segments":[{"index":0,"result":"passed","status":"completed","timeStarted":1623459200912,"timeCompleted":1623459200920},{"index":1,"result":"pending","status":"pending","timeStarted":1623459200941}],"tags":[],"timeStarted":1623459200912}],"timeCreated":1623459196256,"timeStarted":1623459200912,"timeCompleted":null,"lastActivity":1623459200940,"_id":"06zMx2OUpnrkkcXd","actorTags":[],"environment":""}
{"id":1623459196,"actors":{"40018":{"id":40018,"lastSeenTime":1623459195287,"testSessionId":1623459196,"type":"WEB","tags":[],"_id":"R3lrD4A0a0vLAdHv","ip":"::ffff:127.0.0.1","tests":[{"currentSegmentIndex":1,"segments":[{"index":0,"status":"completed","timeStarted":1623459200912,"timeCompleted":1623459200920,"result":"passed"},{"index":1,"status":"completed","timeStarted":1623459200941,"timeCompleted":1623459201149,"result":"failed","stackTrace":"java.lang.RuntimeException: There was an error while executing action no. 1 (org.getopentest.actions.HttpRequest) in segment 1 of test /Teste 1.\nThe action definition was:\n{\n  \"action\": \"org.getopentest.actions.HttpRequest\",\n  \"args\": {\n    \"url\": \"http://localhost:5001//api/categorias\",\n    \"verb\": \"GET\",\n    \"ignoreCert\": true\n  },\n  \"description\": \"Get Product\"\n}\r\n\tat org.getopentest.base.TestActor.executeTestSegment(TestActor.java:2123)\r\n\tat org.getopentest.base.TestActor.runOneSession(TestActor.java:2981)\r\n\tat org.getopentest.base.TestActor.runOneSession(TestActor.java:3017)\r\n\tat org.getopentest.Main.main(Main.java:20)\r\nCaused by: java.lang.RuntimeException: Failed executing action org.getopentest.actions.HttpRequest with arguments {\"verb\":\"GET\",\"ignoreCert\":true,\"url\":\"http://localhost:5001//api/categorias\"}\r\n\tat org.getopentest.base.TestActor.executeActionByDef(TestActor.java:1821)\r\n\tat org.getopentest.base.TestActor.executeTestSegment(TestActor.java:2073)\r\n\t... 3 more\r\nCaused by: java.lang.RuntimeException: java.lang.RuntimeException: HTTP request failed\r\n\tat org.getopentest.base.TestActor.executeActionByClassName(TestActor.java:1626)\r\n\tat org.getopentest.base.TestActor.executeActionByDef(TestActor.java:1705)\r\n\t... 4 more\r\nCaused by: java.lang.RuntimeException: HTTP request failed\r\n\tat org.getopentest.actions.HttpRequest.run(HttpRequest.java:131)\r\n\tat org.getopentest.base.TestActor.executeAction(TestActor.java:1527)\r\n\tat org.getopentest.base.TestActor.executeActionByClassName(TestActor.java:1603)\r\n\t... 5 more\r\nCaused by: org.apache.http.NoHttpResponseException: localhost:5001 failed to respond\r\n\tat org.apache.http.impl.conn.DefaultHttpResponseParser.parseHead(DefaultHttpResponseParser.java:141)\r\n\tat org.apache.http.impl.conn.DefaultHttpResponseParser.parseHead(DefaultHttpResponseParser.java:56)\r\n\tat org.apache.http.impl.io.AbstractMessageParser.parse(AbstractMessageParser.java:259)\r\n\tat org.apache.http.impl.DefaultBHttpClientConnection.receiveResponseHeader(DefaultBHttpClientConnection.java:163)\r\n\tat org.apache.http.impl.conn.CPoolProxy.receiveResponseHeader(CPoolProxy.java:165)\r\n\tat org.apache.http.protocol.HttpRequestExecutor.doReceiveResponse(HttpRequestExecutor.java:273)\r\n\tat org.apache.http.protocol.HttpRequestExecutor.execute(HttpRequestExecutor.java:125)\r\n\tat org.apache.http.impl.execchain.MainClientExec.execute(MainClientExec.java:272)\r\n\tat org.apache.http.impl.execchain.ProtocolExec.execute(ProtocolExec.java:185)\r\n\tat org.apache.http.impl.execchain.RetryExec.execute(RetryExec.java:89)\r\n\tat org.apache.http.impl.client.InternalHttpClient.doExecute(InternalHttpClient.java:185)\r\n\tat org.apache.http.impl.client.CloseableHttpClient.execute(CloseableHttpClient.java:83)\r\n\tat org.apache.http.impl.client.CloseableHttpClient.execute(CloseableHttpClient.java:108)\r\n\tat org.getopentest.http.HttpRequest.execute(HttpRequest.java:126)\r\n\tat org.getopentest.actions.HttpRequest.run(HttpRequest.java:121)\r\n\t... 7 more\r\n"}],"name":"Teste 1","path":"","timeCompleted":null,"timeStarted":1623459200912}]}},"maxIterations":"1","currentIteration":1,"currentTestIndex":1,"currentSegmentIndex":0,"label":"Session 1623459196","result":"pending","status":"started","tests":[{"actions":[{"action":"org.getopentest.actions.HttpRequest","actorType":"WEB","args":{"verb":"GET","ignoreCert":true,"url":"http://localhost:5001//api/categorias"},"isCheckpoint":false,"description":"Get Product","durationMs":188,"macroStack":[],"result":"failed","segment":1,"stackTrace":"java.lang.RuntimeException: java.lang.RuntimeException: HTTP request failed\r\n\tat org.getopentest.base.TestActor.executeActionByClassName(TestActor.java:1626)\r\n\tat org.getopentest.base.TestActor.executeActionByDef(TestActor.java:1705)\r\n\tat org.getopentest.base.TestActor.executeTestSegment(TestActor.java:2073)\r\n\tat org.getopentest.base.TestActor.runOneSession(TestActor.java:2981)\r\n\tat org.getopentest.base.TestActor.runOneSession(TestActor.java:3017)\r\n\tat org.getopentest.Main.main(Main.java:20)\r\nCaused by: java.lang.RuntimeException: HTTP request failed\r\n\tat org.getopentest.actions.HttpRequest.run(HttpRequest.java:131)\r\n\tat org.getopentest.base.TestActor.executeAction(TestActor.java:1527)\r\n\tat org.getopentest.base.TestActor.executeActionByClassName(TestActor.java:1603)\r\n\t... 5 more\r\nCaused by: org.apache.http.NoHttpResponseException: localhost:5001 failed to respond\r\n\tat org.apache.http.impl.conn.DefaultHttpResponseParser.parseHead(DefaultHttpResponseParser.java:141)\r\n\tat org.apache.http.impl.conn.DefaultHttpResponseParser.parseHead(DefaultHttpResponseParser.java:56)\r\n\tat org.apache.http.impl.io.AbstractMessageParser.parse(AbstractMessageParser.java:259)\r\n\tat org.apache.http.impl.DefaultBHttpClientConnection.receiveResponseHeader(DefaultBHttpClientConnection.java:163)\r\n\tat org.apache.http.impl.conn.CPoolProxy.receiveResponseHeader(CPoolProxy.java:165)\r\n\tat org.apache.http.protocol.HttpRequestExecutor.doReceiveResponse(HttpRequestExecutor.java:273)\r\n\tat org.apache.http.protocol.HttpRequestExecutor.execute(HttpRequestExecutor.java:125)\r\n\tat org.apache.http.impl.execchain.MainClientExec.execute(MainClientExec.java:272)\r\n\tat org.apache.http.impl.execchain.ProtocolExec.execute(ProtocolExec.java:185)\r\n\tat org.apache.http.impl.execchain.RetryExec.execute(RetryExec.java:89)\r\n\tat org.apache.http.impl.client.InternalHttpClient.doExecute(InternalHttpClient.java:185)\r\n\tat org.apache.http.impl.client.CloseableHttpClient.execute(CloseableHttpClient.java:83)\r\n\tat org.apache.http.impl.client.CloseableHttpClient.execute(CloseableHttpClient.java:108)\r\n\tat org.getopentest.http.HttpRequest.execute(HttpRequest.java:126)\r\n\tat org.getopentest.actions.HttpRequest.run(HttpRequest.java:121)\r\n\t... 7 more\r\n"}],"currentIteration":1,"currentSegmentIndex":0,"isDataDriven":false,"name":"Teste 1","path":"","result":"failed","status":"completed","segments":[{"index":0,"result":"passed","status":"completed","timeStarted":1623459200912,"timeCompleted":1623459200920},{"index":1,"result":"failed","status":"completed","timeStarted":1623459200941,"timeCompleted":1623459201149}],"tags":[],"timeStarted":1623459200912,"timeCompleted":1623459201149}],"timeCreated":1623459196256,"timeStarted":1623459200912,"timeCompleted":null,"lastActivity":1623459201149,"_id":"06zMx2OUpnrkkcXd","actorTags":[],"environment":"","currentDataRecordIndex":-1}
{"id":1623459196,"actors":{"40018":{"id":40018,"lastSeenTime":1623459195287,"testSessionId":1623459196,"type":"WEB","tags":[],"_id":"R3lrD4A0a0vLAdHv","ip":"::ffff:127.0.0.1","tests":[{"currentSegmentIndex":1,"segments":[{"index":0,"status":"completed","timeStarted":1623459200912,"timeCompleted":1623459200920,"result":"passed"},{"index":1,"status":"completed","timeStarted":1623459200941,"timeCompleted":1623459201149,"result":"failed","stackTrace":"java.lang.RuntimeException: There was an error while executing action no. 1 (org.getopentest.actions.HttpRequest) in segment 1 of test /Teste 1.\nThe action definition was:\n{\n  \"action\": \"org.getopentest.actions.HttpRequest\",\n  \"args\": {\n    \"url\": \"http://localhost:5001//api/categorias\",\n    \"verb\": \"GET\",\n    \"ignoreCert\": true\n  },\n  \"description\": \"Get Product\"\n}\r\n\tat org.getopentest.base.TestActor.executeTestSegment(TestActor.java:2123)\r\n\tat org.getopentest.base.TestActor.runOneSession(TestActor.java:2981)\r\n\tat org.getopentest.base.TestActor.runOneSession(TestActor.java:3017)\r\n\tat org.getopentest.Main.main(Main.java:20)\r\nCaused by: java.lang.RuntimeException: Failed executing action org.getopentest.actions.HttpRequest with arguments {\"verb\":\"GET\",\"ignoreCert\":true,\"url\":\"http://localhost:5001//api/categorias\"}\r\n\tat org.getopentest.base.TestActor.executeActionByDef(TestActor.java:1821)\r\n\tat org.getopentest.base.TestActor.executeTestSegment(TestActor.java:2073)\r\n\t... 3 more\r\nCaused by: java.lang.RuntimeException: java.lang.RuntimeException: HTTP request failed\r\n\tat org.getopentest.base.TestActor.executeActionByClassName(TestActor.java:1626)\r\n\tat org.getopentest.base.TestActor.executeActionByDef(TestActor.java:1705)\r\n\t... 4 more\r\nCaused by: java.lang.RuntimeException: HTTP request failed\r\n\tat org.getopentest.actions.HttpRequest.run(HttpRequest.java:131)\r\n\tat org.getopentest.base.TestActor.executeAction(TestActor.java:1527)\r\n\tat org.getopentest.base.TestActor.executeActionByClassName(TestActor.java:1603)\r\n\t... 5 more\r\nCaused by: org.apache.http.NoHttpResponseException: localhost:5001 failed to respond\r\n\tat org.apache.http.impl.conn.DefaultHttpResponseParser.parseHead(DefaultHttpResponseParser.java:141)\r\n\tat org.apache.http.impl.conn.DefaultHttpResponseParser.parseHead(DefaultHttpResponseParser.java:56)\r\n\tat org.apache.http.impl.io.AbstractMessageParser.parse(AbstractMessageParser.java:259)\r\n\tat org.apache.http.impl.DefaultBHttpClientConnection.receiveResponseHeader(DefaultBHttpClientConnection.java:163)\r\n\tat org.apache.http.impl.conn.CPoolProxy.receiveResponseHeader(CPoolProxy.java:165)\r\n\tat org.apache.http.protocol.HttpRequestExecutor.doReceiveResponse(HttpRequestExecutor.java:273)\r\n\tat org.apache.http.protocol.HttpRequestExecutor.execute(HttpRequestExecutor.java:125)\r\n\tat org.apache.http.impl.execchain.MainClientExec.execute(MainClientExec.java:272)\r\n\tat org.apache.http.impl.execchain.ProtocolExec.execute(ProtocolExec.java:185)\r\n\tat org.apache.http.impl.execchain.RetryExec.execute(RetryExec.java:89)\r\n\tat org.apache.http.impl.client.InternalHttpClient.doExecute(InternalHttpClient.java:185)\r\n\tat org.apache.http.impl.client.CloseableHttpClient.execute(CloseableHttpClient.java:83)\r\n\tat org.apache.http.impl.client.CloseableHttpClient.execute(CloseableHttpClient.java:108)\r\n\tat org.getopentest.http.HttpRequest.execute(HttpRequest.java:126)\r\n\tat org.getopentest.actions.HttpRequest.run(HttpRequest.java:121)\r\n\t... 7 more\r\n"}],"name":"Teste 1","path":"","timeCompleted":null,"timeStarted":1623459200912}]}},"maxIterations":"1","currentIteration":1,"currentTestIndex":1,"currentSegmentIndex":0,"label":"Session 1623459196","result":"failed","status":"completed","tests":[{"actions":[{"action":"org.getopentest.actions.HttpRequest","actorType":"WEB","args":{"verb":"GET","ignoreCert":true,"url":"http://localhost:5001//api/categorias"},"isCheckpoint":false,"description":"Get Product","durationMs":188,"macroStack":[],"result":"failed","segment":1,"stackTrace":"java.lang.RuntimeException: java.lang.RuntimeException: HTTP request failed\r\n\tat org.getopentest.base.TestActor.executeActionByClassName(TestActor.java:1626)\r\n\tat org.getopentest.base.TestActor.executeActionByDef(TestActor.java:1705)\r\n\tat org.getopentest.base.TestActor.executeTestSegment(TestActor.java:2073)\r\n\tat org.getopentest.base.TestActor.runOneSession(TestActor.java:2981)\r\n\tat org.getopentest.base.TestActor.runOneSession(TestActor.java:3017)\r\n\tat org.getopentest.Main.main(Main.java:20)\r\nCaused by: java.lang.RuntimeException: HTTP request failed\r\n\tat org.getopentest.actions.HttpRequest.run(HttpRequest.java:131)\r\n\tat org.getopentest.base.TestActor.executeAction(TestActor.java:1527)\r\n\tat org.getopentest.base.TestActor.executeActionByClassName(TestActor.java:1603)\r\n\t... 5 more\r\nCaused by: org.apache.http.NoHttpResponseException: localhost:5001 failed to respond\r\n\tat org.apache.http.impl.conn.DefaultHttpResponseParser.parseHead(DefaultHttpResponseParser.java:141)\r\n\tat org.apache.http.impl.conn.DefaultHttpResponseParser.parseHead(DefaultHttpResponseParser.java:56)\r\n\tat org.apache.http.impl.io.AbstractMessageParser.parse(AbstractMessageParser.java:259)\r\n\tat org.apache.http.impl.DefaultBHttpClientConnection.receiveResponseHeader(DefaultBHttpClientConnection.java:163)\r\n\tat org.apache.http.impl.conn.CPoolProxy.receiveResponseHeader(CPoolProxy.java:165)\r\n\tat org.apache.http.protocol.HttpRequestExecutor.doReceiveResponse(HttpRequestExecutor.java:273)\r\n\tat org.apache.http.protocol.HttpRequestExecutor.execute(HttpRequestExecutor.java:125)\r\n\tat org.apache.http.impl.execchain.MainClientExec.execute(MainClientExec.java:272)\r\n\tat org.apache.http.impl.execchain.ProtocolExec.execute(ProtocolExec.java:185)\r\n\tat org.apache.http.impl.execchain.RetryExec.execute(RetryExec.java:89)\r\n\tat org.apache.http.impl.client.InternalHttpClient.doExecute(InternalHttpClient.java:185)\r\n\tat org.apache.http.impl.client.CloseableHttpClient.execute(CloseableHttpClient.java:83)\r\n\tat org.apache.http.impl.client.CloseableHttpClient.execute(CloseableHttpClient.java:108)\r\n\tat org.getopentest.http.HttpRequest.execute(HttpRequest.java:126)\r\n\tat org.getopentest.actions.HttpRequest.run(HttpRequest.java:121)\r\n\t... 7 more\r\n"}],"currentIteration":1,"currentSegmentIndex":0,"isDataDriven":false,"name":"Teste 1","path":"","result":"failed","status":"completed","segments":[{"index":0,"result":"passed","status":"completed","timeStarted":1623459200912,"timeCompleted":1623459200920},{"index":1,"result":"failed","status":"completed","timeStarted":1623459200941,"timeCompleted":1623459201149}],"tags":[],"timeStarted":1623459200912,"timeCompleted":1623459201149}],"timeCreated":1623459196256,"timeStarted":1623459200912,"timeCompleted":1623459201150,"lastActivity":1623459201149,"_id":"06zMx2OUpnrkkcXd","actorTags":[],"environment":"","currentDataRecordIndex":-1}
{"id":1623459242,"actors":{},"maxIterations":1,"currentIteration":1,"currentTestIndex":0,"currentSegmentIndex":0,"label":"Session 1623459242","result":"pending","status":"acquiring-actors","tests":[],"timeCreated":1623459242448,"timeStarted":null,"timeCompleted":null,"lastActivity":1623459242448,"_id":"LlCVMVHKR8zqoAQC"}
{"id":1623459242,"actors":{},"maxIterations":"1","currentIteration":1,"currentTestIndex":0,"currentSegmentIndex":0,"label":"Session 1623459242","result":"pending","status":"acquiring-actors","tests":[{"actions":[],"currentIteration":1,"currentSegmentIndex":0,"isDataDriven":false,"name":"Teste 1","path":"","result":"pending","status":"pending","segments":[{"index":0,"result":"pending","status":"pending"},{"index":1,"result":"pending","status":"pending"}],"tags":[]}],"timeCreated":1623459242448,"timeStarted":null,"timeCompleted":null,"lastActivity":1623459242448,"_id":"LlCVMVHKR8zqoAQC","actorTags":[],"environment":""}
{"id":1623459242,"actors":{"40018":{"id":40018,"lastSeenTime":1623459240475,"testSessionId":1623459242,"type":"WEB","tags":[],"_id":"R3lrD4A0a0vLAdHv","ip":"::ffff:127.0.0.1","tests":[]}},"maxIterations":"1","currentIteration":1,"currentTestIndex":0,"currentSegmentIndex":0,"label":"Session 1623459242","result":"pending","status":"started","tests":[{"actions":[],"currentIteration":1,"currentSegmentIndex":0,"isDataDriven":false,"name":"Teste 1","path":"","result":"pending","status":"pending","segments":[{"index":0,"result":"pending","status":"pending"},{"index":1,"result":"pending","status":"pending"}],"tags":[]}],"timeCreated":1623459242448,"timeStarted":null,"timeCompleted":null,"lastActivity":1623459242448,"_id":"LlCVMVHKR8zqoAQC","actorTags":[],"environment":""}
{"id":1623459242,"actors":{"40018":{"id":40018,"lastSeenTime":1623459240475,"testSessionId":1623459242,"type":"WEB","tags":[],"_id":"R3lrD4A0a0vLAdHv","ip":"::ffff:127.0.0.1","tests":[{"currentSegmentIndex":0,"segments":[{"index":0,"status":"started","timeStarted":1623459246195,"timeCompleted":null,"result":"pending"}],"name":"Teste 1","path":"","timeCompleted":null,"timeStarted":1623459246195}]}},"maxIterations":"1","currentIteration":1,"currentTestIndex":0,"currentSegmentIndex":0,"label":"Session 1623459242","result":"pending","status":"started","tests":[{"actions":[],"currentIteration":1,"currentSegmentIndex":0,"isDataDriven":false,"name":"Teste 1","path":"","result":"pending","status":"pending","segments":[{"index":0,"result":"pending","status":"pending","timeStarted":1623459246195},{"index":1,"result":"pending","status":"pending"}],"tags":[],"timeStarted":1623459246195}],"timeCreated":1623459242448,"timeStarted":1623459246195,"timeCompleted":null,"lastActivity":1623459246191,"_id":"LlCVMVHKR8zqoAQC","actorTags":[],"environment":""}
{"id":1623459242,"actors":{"40018":{"id":40018,"lastSeenTime":1623459240475,"testSessionId":1623459242,"type":"WEB","tags":[],"_id":"R3lrD4A0a0vLAdHv","ip":"::ffff:127.0.0.1","tests":[{"currentSegmentIndex":0,"segments":[{"index":0,"status":"completed","timeStarted":1623459246195,"timeCompleted":1623459246201,"result":"passed"}],"name":"Teste 1","path":"","timeCompleted":null,"timeStarted":1623459246195}]}},"maxIterations":"1","currentIteration":1,"currentTestIndex":0,"currentSegmentIndex":1,"label":"Session 1623459242","result":"pending","status":"started","tests":[{"actions":[],"currentIteration":1,"currentSegmentIndex":0,"isDataDriven":false,"name":"Teste 1","path":"","result":"pending","status":"pending","segments":[{"index":0,"result":"passed","status":"completed","timeStarted":1623459246195,"timeCompleted":1623459246201},{"index":1,"result":"pending","status":"pending"}],"tags":[],"timeStarted":1623459246195}],"timeCreated":1623459242448,"timeStarted":1623459246195,"timeCompleted":null,"lastActivity":1623459246200,"_id":"LlCVMVHKR8zqoAQC","actorTags":[],"environment":""}
{"id":1623459242,"actors":{"40018":{"id":40018,"lastSeenTime":1623459240475,"testSessionId":1623459242,"type":"WEB","tags":[],"_id":"R3lrD4A0a0vLAdHv","ip":"::ffff:127.0.0.1","tests":[{"currentSegmentIndex":1,"segments":[{"index":0,"status":"completed","timeStarted":1623459246195,"timeCompleted":1623459246201,"result":"passed"},{"index":1,"status":"started","timeStarted":1623459246220,"timeCompleted":null,"result":"pending"}],"name":"Teste 1","path":"","timeCompleted":null,"timeStarted":1623459246195}]}},"maxIterations":"1","currentIteration":1,"currentTestIndex":0,"currentSegmentIndex":1,"label":"Session 1623459242","result":"pending","status":"started","tests":[{"actions":[],"currentIteration":1,"currentSegmentIndex":0,"isDataDriven":false,"name":"Teste 1","path":"","result":"pending","status":"pending","segments":[{"index":0,"result":"passed","status":"completed","timeStarted":1623459246195,"timeCompleted":1623459246201},{"index":1,"result":"pending","status":"pending","timeStarted":1623459246220}],"tags":[],"timeStarted":1623459246195}],"timeCreated":1623459242448,"timeStarted":1623459246195,"timeCompleted":null,"lastActivity":1623459246217,"_id":"LlCVMVHKR8zqoAQC","actorTags":[],"environment":""}
{"id":1623459242,"actors":{"40018":{"id":40018,"lastSeenTime":1623459240475,"testSessionId":1623459242,"type":"WEB","tags":[],"_id":"R3lrD4A0a0vLAdHv","ip":"::ffff:127.0.0.1","tests":[{"currentSegmentIndex":1,"segments":[{"index":0,"status":"completed","timeStarted":1623459246195,"timeCompleted":1623459246201,"result":"passed"},{"index":1,"status":"completed","timeStarted":1623459246220,"timeCompleted":1623459247483,"result":"passed"}],"name":"Teste 1","path":"","timeCompleted":null,"timeStarted":1623459246195}]}},"maxIterations":"1","currentIteration":1,"currentTestIndex":1,"currentSegmentIndex":0,"label":"Session 1623459242","result":"pending","status":"started","tests":[{"actions":[{"action":"org.getopentest.actions.HttpRequest","actorType":"WEB","args":{"verb":"GET","ignoreCert":true,"url":"https://localhost:5001//api/categorias"},"isCheckpoint":false,"description":"Get Product","durationMs":1180,"macroStack":[],"result":"passed","segment":1},{"action":"org.getopentest.base.ScriptAction","actorType":"WEB","args":{},"isCheckpoint":false,"description":"Validate HTTP Status Code","durationMs":68,"macroStack":[],"result":"passed","segment":1}],"currentIteration":1,"currentSegmentIndex":0,"isDataDriven":false,"name":"Teste 1","path":"","result":"passed","status":"completed","segments":[{"index":0,"result":"passed","status":"completed","timeStarted":1623459246195,"timeCompleted":1623459246201},{"index":1,"result":"passed","status":"completed","timeStarted":1623459246220,"timeCompleted":1623459247483}],"tags":[],"timeStarted":1623459246195,"timeCompleted":1623459247483}],"timeCreated":1623459242448,"timeStarted":1623459246195,"timeCompleted":null,"lastActivity":1623459247482,"_id":"LlCVMVHKR8zqoAQC","actorTags":[],"environment":"","currentDataRecordIndex":-1}
{"id":1623459242,"actors":{"40018":{"id":40018,"lastSeenTime":1623459240475,"testSessionId":1623459242,"type":"WEB","tags":[],"_id":"R3lrD4A0a0vLAdHv","ip":"::ffff:127.0.0.1","tests":[{"currentSegmentIndex":1,"segments":[{"index":0,"status":"completed","timeStarted":1623459246195,"timeCompleted":1623459246201,"result":"passed"},{"index":1,"status":"completed","timeStarted":1623459246220,"timeCompleted":1623459247483,"result":"passed"}],"name":"Teste 1","path":"","timeCompleted":null,"timeStarted":1623459246195}]}},"maxIterations":"1","currentIteration":1,"currentTestIndex":1,"currentSegmentIndex":0,"label":"Session 1623459242","result":"passed","status":"completed","tests":[{"actions":[{"action":"org.getopentest.actions.HttpRequest","actorType":"WEB","args":{"verb":"GET","ignoreCert":true,"url":"https://localhost:5001//api/categorias"},"isCheckpoint":false,"description":"Get Product","durationMs":1180,"macroStack":[],"result":"passed","segment":1},{"action":"org.getopentest.base.ScriptAction","actorType":"WEB","args":{},"isCheckpoint":false,"description":"Validate HTTP Status Code","durationMs":68,"macroStack":[],"result":"passed","segment":1}],"currentIteration":1,"currentSegmentIndex":0,"isDataDriven":false,"name":"Teste 1","path":"","result":"passed","status":"completed","segments":[{"index":0,"result":"passed","status":"completed","timeStarted":1623459246195,"timeCompleted":1623459246201},{"index":1,"result":"passed","status":"completed","timeStarted":1623459246220,"timeCompleted":1623459247483}],"tags":[],"timeStarted":1623459246195,"timeCompleted":1623459247483}],"timeCreated":1623459242448,"timeStarted":1623459246195,"timeCompleted":1623459247483,"lastActivity":1623459247482,"_id":"LlCVMVHKR8zqoAQC","actorTags":[],"environment":"","currentDataRecordIndex":-1}
